Watching for file changes with StatReloader
------clear_main------
Подтягиваю телефон - +79313661220 - и данные из cookies!
Сессия: dict_items([('cookies_is_confirmed', True), ('phone_is_confirmed', True), ('back_to', 'vmkkoi1t55'), ('phone', '+79313661220'), ('convert_already', True)])
------clear_main------
Подтягиваю телефон - +79313661220 - и данные из cookies!
Сессия: dict_items([('cookies_is_confirmed', True), ('phone_is_confirmed', True), ('back_to', 'vmkkoi1t55'), ('phone', '+79313661220'), ('convert_already', True)])
------clear_main------
Подтягиваю телефон - +79313661220 - и данные из cookies!
Сессия: dict_items([('cookies_is_confirmed', True), ('phone_is_confirmed', True), ('back_to', 'vmkkoi1t55'), ('phone', '+79313661220'), ('convert_already', True), ('_auth_user_id', '1'), ('_auth_user_backend', 'django.contrib.auth.backends.ModelBackend'), ('_auth_user_hash', '98bc3f9b2180cec1e911e6795d8efee948b71ce5c2fd33789e249eb0cff7ceca')])
D:\JOB\freelance10\converter\convert_order\views.py changed, reloading.
Watching for file changes with StatReloader
D:\JOB\freelance10\converter\convert_order\views.py changed, reloading.
Watching for file changes with StatReloader
D:\JOB\freelance10\converter\convert_order\views.py changed, reloading.
Watching for file changes with StatReloader
D:\JOB\freelance10\converter\convert_order\views.py changed, reloading.
Watching for file changes with StatReloader
D:\JOB\freelance10\converter\convert_order\views.py changed, reloading.
Watching for file changes with StatReloader
D:\JOB\freelance10\converter\convert_order\views.py changed, reloading.
Watching for file changes with StatReloader
D:\JOB\freelance10\converter\convert_order\views.py changed, reloading.
Watching for file changes with StatReloader
D:\JOB\freelance10\converter\convert_order\views.py changed, reloading.
Watching for file changes with StatReloader
D:\JOB\freelance10\converter\convert_order\views.py changed, reloading.
Watching for file changes with StatReloader
D:\JOB\freelance10\converter\convert_order\views.py changed, reloading.
Watching for file changes with StatReloader
D:\JOB\freelance10\converter\convert_order\views.py changed, reloading.
Watching for file changes with StatReloader
D:\JOB\freelance10\converter\convert_order\views.py changed, reloading.
Watching for file changes with StatReloader
D:\JOB\freelance10\converter\convert_order\views.py changed, reloading.
Watching for file changes with StatReloader
D:\JOB\freelance10\converter\convert_order\views.py changed, reloading.
Watching for file changes with StatReloader
D:\JOB\freelance10\converter\convert_order\views.py changed, reloading.
Watching for file changes with StatReloader
D:\JOB\freelance10\converter\convert_order\views.py changed, reloading.
Watching for file changes with StatReloader
D:\JOB\freelance10\converter\convert_order\views.py changed, reloading.
Watching for file changes with StatReloader
D:\JOB\freelance10\converter\convert_order\views.py changed, reloading.
Watching for file changes with StatReloader
D:\JOB\freelance10\converter\convert_order\views.py changed, reloading.
Watching for file changes with StatReloader
D:\JOB\freelance10\converter\convert_order\views.py changed, reloading.
Watching for file changes with StatReloader
D:\JOB\freelance10\converter\convert_order\views.py changed, reloading.
Watching for file changes with StatReloader
D:\JOB\freelance10\converter\convert_order\views.py changed, reloading.
Watching for file changes with StatReloader
D:\JOB\freelance10\converter\convert_order\views.py changed, reloading.
Watching for file changes with StatReloader
D:\JOB\freelance10\converter\convert_order\views.py changed, reloading.
Watching for file changes with StatReloader
D:\JOB\freelance10\converter\convert_order\views.py changed, reloading.
Watching for file changes with StatReloader
D:\JOB\freelance10\converter\convert_order\views.py changed, reloading.
Watching for file changes with StatReloader
D:\JOB\freelance10\converter\convert_order\views.py changed, reloading.
Watching for file changes with StatReloader
D:\JOB\freelance10\converter\convert_order\views.py changed, reloading.
Watching for file changes with StatReloader
D:\JOB\freelance10\converter\convert_order\views.py changed, reloading.
Watching for file changes with StatReloader
D:\JOB\freelance10\converter\convert_order\views.py changed, reloading.
Watching for file changes with StatReloader
D:\JOB\freelance10\converter\convert_order\views.py changed, reloading.
Watching for file changes with StatReloader
D:\JOB\freelance10\converter\convert_order\views.py changed, reloading.
Watching for file changes with StatReloader
D:\JOB\freelance10\converter\convert_order\views.py changed, reloading.
Watching for file changes with StatReloader
D:\JOB\freelance10\converter\convert_order\views.py changed, reloading.
Watching for file changes with StatReloader
D:\JOB\freelance10\converter\convert_order\views.py changed, reloading.
Watching for file changes with StatReloader
D:\JOB\freelance10\converter\convert_order\views.py changed, reloading.
Watching for file changes with StatReloader
D:\JOB\freelance10\converter\convert_order\views.py changed, reloading.
Watching for file changes with StatReloader
D:\JOB\freelance10\converter\convert_order\views.py changed, reloading.
Watching for file changes with StatReloader
D:\JOB\freelance10\converter\convert_order\views.py changed, reloading.
Watching for file changes with StatReloader
D:\JOB\freelance10\converter\convert_order\views.py changed, reloading.
Watching for file changes with StatReloader
D:\JOB\freelance10\converter\convert_order\views.py changed, reloading.
Watching for file changes with StatReloader
D:\JOB\freelance10\converter\convert_order\views.py changed, reloading.
Watching for file changes with StatReloader
D:\JOB\freelance10\converter\convert_order\views.py changed, reloading.
Watching for file changes with StatReloader
D:\JOB\freelance10\converter\convert_order\views.py changed, reloading.
Watching for file changes with StatReloader
------clear_main------
Подтягиваю телефон - +79313661220 - и данные из cookies!
Сессия: dict_items([('cookies_is_confirmed', True), ('phone_is_confirmed', True), ('back_to', 'vmkkoi1t55'), ('phone', '+79313661220'), ('convert_already', True), ('_auth_user_id', '1'), ('_auth_user_backend', 'django.contrib.auth.backends.ModelBackend'), ('_auth_user_hash', '98bc3f9b2180cec1e911e6795d8efee948b71ce5c2fd33789e249eb0cff7ceca')])
------clear_main------
Подтягиваю телефон - +79313661220 - и данные из cookies!
Сессия: dict_items([('cookies_is_confirmed', True), ('phone_is_confirmed', True), ('back_to', 'vmkkoi1t55'), ('phone', '+79313661220'), ('convert_already', True), ('_auth_user_id', '1'), ('_auth_user_backend', 'django.contrib.auth.backends.ModelBackend'), ('_auth_user_hash', '98bc3f9b2180cec1e911e6795d8efee948b71ce5c2fd33789e249eb0cff7ceca')])
Загружены файлы Contract.pdf и Contract.pdf.
Internal Server Error: /en/
Traceback (most recent call last):
  File "D:\python38\lib\site-packages\django\core\handlers\exception.py", line 55, in inner
    response = get_response(request)
  File "D:\python38\lib\site-packages\django\core\handlers\base.py", line 197, in _get_response
    response = wrapped_callback(request, *callback_args, **callback_kwargs)
  File "D:\JOB\freelance10\converter\convert_order\views.py", line 49, in clear_main
    file1_dj = My_File.objects.create(order=order , file=file1, file_type='1')
  File "D:\python38\lib\site-packages\django\db\models\manager.py", line 87, in manager_method
    return getattr(self.get_queryset(), name)(*args, **kwargs)
  File "D:\python38\lib\site-packages\django\db\models\query.py", line 658, in create
    obj.save(force_insert=True, using=self.db)
  File "D:\python38\lib\site-packages\django\db\models\base.py", line 778, in save
    self._prepare_related_fields_for_save(operation_name="save")
  File "D:\python38\lib\site-packages\django\db\models\base.py", line 1093, in _prepare_related_fields_for_save
    raise ValueError(
ValueError: save() prohibited to prevent data loss due to unsaved related object 'order'.
D:\JOB\freelance10\converter\convert_order\views.py changed, reloading.
Watching for file changes with StatReloader
D:\JOB\freelance10\converter\convert_order\views.py changed, reloading.
Watching for file changes with StatReloader
------clear_main------
Подтягиваю телефон - +79313661220 - и данные из cookies!
Сессия: dict_items([('cookies_is_confirmed', True), ('phone_is_confirmed', True), ('back_to', 'vmkkoi1t55'), ('phone', '+79313661220'), ('convert_already', True), ('_auth_user_id', '1'), ('_auth_user_backend', 'django.contrib.auth.backends.ModelBackend'), ('_auth_user_hash', '98bc3f9b2180cec1e911e6795d8efee948b71ce5c2fd33789e249eb0cff7ceca')])
Загружены файлы Contract.pdf и Contract.pdf.
Имя нового сконвертированного файла = ErrorFile.txt
D:\JOB\freelance10\converter\convert_order\views.py changed, reloading.
Watching for file changes with StatReloader
D:\JOB\freelance10\converter\convert_order\views.py changed, reloading.
Watching for file changes with StatReloader
D:\JOB\freelance10\converter\convert_order\views.py changed, reloading.
Watching for file changes with StatReloader
D:\JOB\freelance10\converter\convert_order\views.py changed, reloading.
Watching for file changes with StatReloader
D:\JOB\freelance10\converter\convert_order\views.py changed, reloading.
Watching for file changes with StatReloader
D:\JOB\freelance10\converter\convert_order\views.py changed, reloading.
Watching for file changes with StatReloader
D:\JOB\freelance10\converter\convert_order\views.py changed, reloading.
Watching for file changes with StatReloader
D:\JOB\freelance10\converter\convert_order\views.py changed, reloading.
Watching for file changes with StatReloader
D:\JOB\freelance10\converter\convert_order\views.py changed, reloading.
Watching for file changes with StatReloader
D:\JOB\freelance10\converter\convert_order\views.py changed, reloading.
Watching for file changes with StatReloader
D:\JOB\freelance10\converter\convert_order\views.py changed, reloading.
Watching for file changes with StatReloader
D:\JOB\freelance10\converter\convert_order\views.py changed, reloading.
Watching for file changes with StatReloader
D:\JOB\freelance10\converter\convert_order\views.py changed, reloading.
Watching for file changes with StatReloader
D:\JOB\freelance10\converter\convert_order\views.py changed, reloading.
Watching for file changes with StatReloader
D:\JOB\freelance10\converter\convert_order\views.py changed, reloading.
Watching for file changes with StatReloader
D:\JOB\freelance10\converter\convert_order\views.py changed, reloading.
Watching for file changes with StatReloader
Watching for file changes with StatReloader
------clear_main------
Подтягиваю телефон - +79313661220 - и данные из cookies!
Сессия: dict_items([('cookies_is_confirmed', True), ('phone_is_confirmed', True), ('phone', '+79313661220'), ('convert_already', True), ('_auth_user_id', '1'), ('_auth_user_backend', 'django.contrib.auth.backends.ModelBackend'), ('_auth_user_hash', '98bc3f9b2180cec1e911e6795d8efee948b71ce5c2fd33789e249eb0cff7ceca')])
------clear_main------
Подтягиваю телефон - +79313661220 - и данные из cookies!
Сессия: dict_items([('cookies_is_confirmed', True), ('phone_is_confirmed', True), ('phone', '+79313661220'), ('convert_already', True), ('_auth_user_id', '1'), ('_auth_user_backend', 'django.contrib.auth.backends.ModelBackend'), ('_auth_user_hash', '98bc3f9b2180cec1e911e6795d8efee948b71ce5c2fd33789e249eb0cff7ceca')])
Загружены файлы Prices-for-provision-of-services.pdf и Prices-for-provision-of-services.pdf.
Имя нового сконвертированного файла = ErrorFile.txt
------files_main------
request.POST: <QueryDict: {}>
request.session: dict_items([('cookies_is_confirmed', True), ('phone_is_confirmed', True), ('phone', '+79313661220'), ('convert_already', True), ('_auth_user_id', '1'), ('_auth_user_backend', 'django.contrib.auth.backends.ModelBackend'), ('_auth_user_hash', '98bc3f9b2180cec1e911e6795d8efee948b71ce5c2fd33789e249eb0cff7ceca')])
order_id = lzgeu1q6i0
------clear_main------
Подтягиваю телефон - +79313661220 - и данные из cookies!
Сессия: dict_items([('cookies_is_confirmed', True), ('phone_is_confirmed', True), ('phone', '+79313661220'), ('convert_already', True), ('_auth_user_id', '1'), ('_auth_user_backend', 'django.contrib.auth.backends.ModelBackend'), ('_auth_user_hash', '98bc3f9b2180cec1e911e6795d8efee948b71ce5c2fd33789e249eb0cff7ceca')])
Watching for file changes with StatReloader
------clear_main------
Подтягиваю телефон - +79313661220 - и данные из cookies!
Сессия: dict_items([('cookies_is_confirmed', True), ('phone_is_confirmed', True), ('phone', '+79313661220'), ('convert_already', True), ('_auth_user_id', '1'), ('_auth_user_backend', 'django.contrib.auth.backends.ModelBackend'), ('_auth_user_hash', '98bc3f9b2180cec1e911e6795d8efee948b71ce5c2fd33789e249eb0cff7ceca')])
------clear_main------
В сессии телефона нет! phone_is_confirmed = False
Телефона в cookies нет!
Сессия: dict_items([('phone_is_confirmed', False)])
------clear_main------
В сессии телефона нет! phone_is_confirmed = False
Телефона в cookies нет!
Сессия: dict_items([('phone_is_confirmed', False)])
Загружены файлы ErrorFile_bi3Rk5X.txt и ErrorFile_bi3Rk5X.txt.
Имя нового сконвертированного файла = ErrorFile.txt
------files_main------
request.POST: <QueryDict: {}>
request.session: dict_items([('phone_is_confirmed', False)])
order_id = szac1pz6f1
------clear_main------
В сессии телефона нет! phone_is_confirmed = False
Телефона в cookies нет!
Сессия: dict_items([('phone_is_confirmed', False), ('back_to', 'szac1pz6f1')])
D:\JOB\freelance10\converter\convert_order\views.py changed, reloading.
Watching for file changes with StatReloader
D:\JOB\freelance10\converter\convert_order\views.py changed, reloading.
Watching for file changes with StatReloader
D:\JOB\freelance10\converter\convert_order\views.py changed, reloading.
Watching for file changes with StatReloader
D:\JOB\freelance10\converter\convert_order\views.py changed, reloading.
Watching for file changes with StatReloader
D:\JOB\freelance10\converter\convert_order\views.py changed, reloading.
Watching for file changes with StatReloader
D:\JOB\freelance10\converter\convert_order\views.py changed, reloading.
Watching for file changes with StatReloader
D:\JOB\freelance10\converter\convert_order\views.py changed, reloading.
Watching for file changes with StatReloader
D:\JOB\freelance10\converter\convert_order\views.py changed, reloading.
Watching for file changes with StatReloader
D:\JOB\freelance10\converter\convert_order\views.py changed, reloading.
Watching for file changes with StatReloader
D:\JOB\freelance10\converter\convert_order\views.py changed, reloading.
Watching for file changes with StatReloader
D:\JOB\freelance10\converter\convert_order\views.py changed, reloading.
Watching for file changes with StatReloader
D:\JOB\freelance10\converter\convert_order\views.py changed, reloading.
Watching for file changes with StatReloader
D:\JOB\freelance10\converter\convert_order\views.py changed, reloading.
Watching for file changes with StatReloader
D:\JOB\freelance10\converter\convert_order\views.py changed, reloading.
Watching for file changes with StatReloader
D:\JOB\freelance10\converter\convert_order\views.py changed, reloading.
Watching for file changes with StatReloader
D:\JOB\freelance10\converter\convert_order\views.py changed, reloading.
Watching for file changes with StatReloader
D:\JOB\freelance10\converter\convert_order\views.py changed, reloading.
Watching for file changes with StatReloader
D:\JOB\freelance10\converter\convert_order\views.py changed, reloading.
Watching for file changes with StatReloader
D:\JOB\freelance10\converter\convert_order\views.py changed, reloading.
Watching for file changes with StatReloader
D:\JOB\freelance10\converter\convert_order\views.py changed, reloading.
Watching for file changes with StatReloader
D:\JOB\freelance10\converter\convert_order\views.py changed, reloading.
Watching for file changes with StatReloader
D:\JOB\freelance10\converter\convert_order\views.py changed, reloading.
Watching for file changes with StatReloader
D:\JOB\freelance10\converter\convert_order\views.py changed, reloading.
Watching for file changes with StatReloader
D:\JOB\freelance10\converter\convert_order\views.py changed, reloading.
Watching for file changes with StatReloader
D:\JOB\freelance10\converter\convert_order\views.py changed, reloading.
Watching for file changes with StatReloader
Watching for file changes with StatReloader
------clear_main------
В сессии телефона нет! phone_is_confirmed = False
Телефона в cookies нет!
Сессия: dict_items([('phone_is_confirmed', False), ('back_to', 'szac1pz6f1')])
Watching for file changes with StatReloader
------clear_main------
В сессии телефона нет! phone_is_confirmed = False
Телефона в cookies нет!
Сессия: dict_items([('phone_is_confirmed', False), ('back_to', 'szac1pz6f1')])
------clear_main------
В сессии телефона нет! phone_is_confirmed = False
Телефона в cookies нет!
Сессия: dict_items([('phone_is_confirmed', False)])
------clear_main------
В сессии телефона нет! phone_is_confirmed = False
Телефона в cookies нет!
Сессия: dict_items([('phone_is_confirmed', False)])
------clear_main------
В сессии телефона нет! phone_is_confirmed = False
Телефона в cookies нет!
Сессия: dict_items([('phone_is_confirmed', False)])
Watching for file changes with StatReloader
------clear_main------
В сессии телефона нет! phone_is_confirmed = False
Телефона в cookies нет!
Сессия: dict_items([('phone_is_confirmed', False)])
Not Found: /en/1212
Not Found: /en/1212
D:\JOB\freelance10\converter\config\settings.py changed, reloading.
Watching for file changes with StatReloader
Not Found: /en/1212
------clear_main------
В сессии телефона нет! phone_is_confirmed = False
Телефона в cookies нет!
Сессия: dict_items([('phone_is_confirmed', False)])
Not Found: /en/1212
D:\JOB\freelance10\converter\config\urls.py changed, reloading.
Watching for file changes with StatReloader
D:\JOB\freelance10\converter\convert_order\views.py changed, reloading.
Watching for file changes with StatReloader
Watching for file changes with StatReloader
D:\JOB\freelance10\converter\convert_order\views.py changed, reloading.
Watching for file changes with StatReloader
D:\JOB\freelance10\converter\convert_order\views.py changed, reloading.
Watching for file changes with StatReloader
D:\JOB\freelance10\converter\convert_order\views.py changed, reloading.
Watching for file changes with StatReloader
D:\JOB\freelance10\converter\convert_order\views.py changed, reloading.
Watching for file changes with StatReloader
D:\JOB\freelance10\converter\convert_order\views.py changed, reloading.
Watching for file changes with StatReloader
D:\JOB\freelance10\converter\convert_order\views.py changed, reloading.
Watching for file changes with StatReloader
D:\JOB\freelance10\converter\convert_order\views.py changed, reloading.
Watching for file changes with StatReloader
D:\JOB\freelance10\converter\convert_order\views.py changed, reloading.
Watching for file changes with StatReloader
D:\JOB\freelance10\converter\convert_order\views.py changed, reloading.
Watching for file changes with StatReloader
Not Found: /en/1212
Not Found: /static/convert_order/js/base.js
Not Found: /en/1212
Not Found: /static/convert_order/js/base.js
Not Found: /en/1212
Not Found: /static/convert_order/js/base.js
Not Found: /en/1212
------clear_main------
В сессии телефона нет! phone_is_confirmed = False
Телефона в cookies нет!
Сессия: dict_items([('phone_is_confirmed', False)])
Not Found: /en/1212
Not Found: /en/1212
Not Found: /en/1212
Not Found: /en/1212
Not Found: /en/1212
Not Found: /en/1212
Not Found: /en/1212
------clear_main------
В сессии телефона нет! phone_is_confirmed = False
Телефона в cookies нет!
Сессия: dict_items([('phone_is_confirmed', False)])
------clear_main------
В сессии телефона нет! phone_is_confirmed = False
Телефона в cookies нет!
Сессия: dict_items([('phone_is_confirmed', False)])
------clear_main------
В сессии телефона нет! phone_is_confirmed = False
Телефона в cookies нет!
Сессия: dict_items([('phone_is_confirmed', False)])
Not Found: /en/1212
------clear_main------
В сессии телефона нет! phone_is_confirmed = False
Телефона в cookies нет!
Сессия: dict_items([('phone_is_confirmed', False)])
Not Found: /en/1212
Not Found: /en/1212
Not Found: /static/convert_order/js/sign-in-form.js
Not Found: /static/convert_order/img/icon.png
Not Found: /en/1212
Not Found: /en/1212
Not Found: /en/1212
Not Found: /en/1212
Not Found: /en/1212
Not Found: /static/convert_order/js/base.js
Not Found: /en/1212
Not Found: /static/convert_order/js/base.js
Not Found: /en/1212
Not Found: /static/convert_order/js/base.js
Not Found: /en/1212
Not Found: /static/convert_order/js/base.js
Not Found: /static/convert_order/js/base.js
Not Found: /static/convert_order/js/base.js
Not Found: /en/1212
Not Found: /static/convert_order/css/styles.css
Not Found: /static/convert_order/css/media.css
Not Found: /static/convert_order/js/base.js
Not Found: /static/convert_order/img/converter-logo.jpg
Not Found: /static/convert_order/img/cookie-icon.svg
Not Found: /static/convert_order/img/icon.jpg
Not Found: /en/1212
Not Found: /static/convert_order/css/styles.css
Not Found: /static/convert_order/css/media.css
Not Found: /static/convert_order/js/base.js
Not Found: /static/convert_order/img/converter-logo.jpg
Not Found: /static/convert_order/img/cookie-icon.svg
D:\JOB\freelance10\converter\config\settings.py changed, reloading.
Watching for file changes with StatReloader
Not Found: /en/1212
Not Found: /en/1212
Not Found: /en/1212
Not Found: /en/1212
------clear_main------
В сессии телефона нет! phone_is_confirmed = False
Телефона в cookies нет!
Сессия: dict_items([('phone_is_confirmed', False)])
------clear_main------
В сессии телефона нет! phone_is_confirmed = False
Телефона в cookies нет!
Сессия: dict_items([('phone_is_confirmed', False)])
------clear_main------
В сессии телефона нет! phone_is_confirmed = False
Телефона в cookies нет!
Сессия: dict_items([('phone_is_confirmed', False)])
------info------
Internal Server Error: /ru/info/
Traceback (most recent call last):
  File "D:\python38\lib\site-packages\django\template\base.py", line 505, in parse
    compile_func = self.tags[command]
KeyError: 'trans'

During handling of the above exception, another exception occurred:

Traceback (most recent call last):
  File "D:\python38\lib\site-packages\django\core\handlers\exception.py", line 55, in inner
    response = get_response(request)
  File "D:\python38\lib\site-packages\django\core\handlers\base.py", line 197, in _get_response
    response = wrapped_callback(request, *callback_args, **callback_kwargs)
  File "D:\JOB\freelance10\converter\convert_order\views.py", line 96, in info
    return render(request, 'convert_order/info.html')
  File "D:\python38\lib\site-packages\django\shortcuts.py", line 24, in render
    content = loader.render_to_string(template_name, context, request, using=using)
  File "D:\python38\lib\site-packages\django\template\loader.py", line 61, in render_to_string
    template = get_template(template_name, using=using)
  File "D:\python38\lib\site-packages\django\template\loader.py", line 15, in get_template
    return engine.get_template(template_name)
  File "D:\python38\lib\site-packages\django\template\backends\django.py", line 33, in get_template
    return Template(self.engine.get_template(template_name), self)
  File "D:\python38\lib\site-packages\django\template\engine.py", line 175, in get_template
    template, origin = self.find_template(template_name)
  File "D:\python38\lib\site-packages\django\template\engine.py", line 157, in find_template
    template = loader.get_template(name, skip=skip)
  File "D:\python38\lib\site-packages\django\template\loaders\cached.py", line 57, in get_template
    template = super().get_template(template_name, skip)
  File "D:\python38\lib\site-packages\django\template\loaders\base.py", line 28, in get_template
    return Template(
  File "D:\python38\lib\site-packages\django\template\base.py", line 154, in __init__
    self.nodelist = self.compile_nodelist()
  File "D:\python38\lib\site-packages\django\template\base.py", line 200, in compile_nodelist
    return parser.parse()
  File "D:\python38\lib\site-packages\django\template\base.py", line 513, in parse
    raise self.error(token, e)
  File "D:\python38\lib\site-packages\django\template\base.py", line 511, in parse
    compiled_result = compile_func(self, token)
  File "D:\python38\lib\site-packages\django\template\loader_tags.py", line 293, in do_extends
    nodelist = parser.parse()
  File "D:\python38\lib\site-packages\django\template\base.py", line 513, in parse
    raise self.error(token, e)
  File "D:\python38\lib\site-packages\django\template\base.py", line 511, in parse
    compiled_result = compile_func(self, token)
  File "D:\python38\lib\site-packages\django\template\loader_tags.py", line 232, in do_block
    nodelist = parser.parse(("endblock",))
  File "D:\python38\lib\site-packages\django\template\base.py", line 507, in parse
    self.invalid_block_tag(token, command, parse_until)
  File "D:\python38\lib\site-packages\django\template\base.py", line 558, in invalid_block_tag
    raise self.error(
django.template.exceptions.TemplateSyntaxError: Invalid block tag on line 5: 'trans', expected 'endblock'. Did you forget to register or load this tag?
------info------
------info------
------info------
Internal Server Error: /ru/info/
Traceback (most recent call last):
  File "D:\python38\lib\site-packages\django\template\base.py", line 505, in parse
    compile_func = self.tags[command]
KeyError: 'static'

During handling of the above exception, another exception occurred:

Traceback (most recent call last):
  File "D:\python38\lib\site-packages\django\core\handlers\exception.py", line 55, in inner
    response = get_response(request)
  File "D:\python38\lib\site-packages\django\core\handlers\base.py", line 197, in _get_response
    response = wrapped_callback(request, *callback_args, **callback_kwargs)
  File "D:\JOB\freelance10\converter\convert_order\views.py", line 96, in info
    return render(request, 'convert_order/info.html')
  File "D:\python38\lib\site-packages\django\shortcuts.py", line 24, in render
    content = loader.render_to_string(template_name, context, request, using=using)
  File "D:\python38\lib\site-packages\django\template\loader.py", line 61, in render_to_string
    template = get_template(template_name, using=using)
  File "D:\python38\lib\site-packages\django\template\loader.py", line 15, in get_template
    return engine.get_template(template_name)
  File "D:\python38\lib\site-packages\django\template\backends\django.py", line 33, in get_template
    return Template(self.engine.get_template(template_name), self)
  File "D:\python38\lib\site-packages\django\template\engine.py", line 175, in get_template
    template, origin = self.find_template(template_name)
  File "D:\python38\lib\site-packages\django\template\engine.py", line 157, in find_template
    template = loader.get_template(name, skip=skip)
  File "D:\python38\lib\site-packages\django\template\loaders\cached.py", line 57, in get_template
    template = super().get_template(template_name, skip)
  File "D:\python38\lib\site-packages\django\template\loaders\base.py", line 28, in get_template
    return Template(
  File "D:\python38\lib\site-packages\django\template\base.py", line 154, in __init__
    self.nodelist = self.compile_nodelist()
  File "D:\python38\lib\site-packages\django\template\base.py", line 200, in compile_nodelist
    return parser.parse()
  File "D:\python38\lib\site-packages\django\template\base.py", line 513, in parse
    raise self.error(token, e)
  File "D:\python38\lib\site-packages\django\template\base.py", line 511, in parse
    compiled_result = compile_func(self, token)
  File "D:\python38\lib\site-packages\django\template\loader_tags.py", line 293, in do_extends
    nodelist = parser.parse()
  File "D:\python38\lib\site-packages\django\template\base.py", line 513, in parse
    raise self.error(token, e)
  File "D:\python38\lib\site-packages\django\template\base.py", line 511, in parse
    compiled_result = compile_func(self, token)
  File "D:\python38\lib\site-packages\django\template\loader_tags.py", line 232, in do_block
    nodelist = parser.parse(("endblock",))
  File "D:\python38\lib\site-packages\django\template\base.py", line 507, in parse
    self.invalid_block_tag(token, command, parse_until)
  File "D:\python38\lib\site-packages\django\template\base.py", line 558, in invalid_block_tag
    raise self.error(
django.template.exceptions.TemplateSyntaxError: Invalid block tag on line 11: 'static', expected 'endblock'. Did you forget to register or load this tag?
------info------
------info------
------info------
------clear_main------
В сессии телефона нет! phone_is_confirmed = False
Телефона в cookies нет!
Сессия: dict_items([('phone_is_confirmed', False)])
------info------
------info------
------clear_main------
В сессии телефона нет! phone_is_confirmed = False
Телефона в cookies нет!
Сессия: dict_items([('phone_is_confirmed', False)])
------clear_main------
В сессии телефона нет! phone_is_confirmed = False
Телефона в cookies нет!
Сессия: dict_items([('phone_is_confirmed', False)])
------info------
------video------
Текущий язык на странице с видео: ru
------video------
Текущий язык на странице с видео: ru
------video------
Текущий язык на странице с видео: ru
------video------
Текущий язык на странице с видео: ru
------video------
Текущий язык на странице с видео: ru
------video------
Текущий язык на странице с видео: ru
------video------
Текущий язык на странице с видео: ru
------video------
Текущий язык на странице с видео: ru
------video------
Текущий язык на странице с видео: ru
------video------
Текущий язык на странице с видео: ru
------clear_main------
В сессии телефона нет! phone_is_confirmed = False
Телефона в cookies нет!
Сессия: dict_items([('phone_is_confirmed', False)])
------video------
Текущий язык на странице с видео: ru
------video------
Текущий язык на странице с видео: ru
------clear_main------
В сессии телефона нет! phone_is_confirmed = False
Телефона в cookies нет!
Сессия: dict_items([('phone_is_confirmed', False)])
------clear_main------
В сессии телефона нет! phone_is_confirmed = False
Телефона в cookies нет!
Сессия: dict_items([('phone_is_confirmed', False)])
------clear_main------
В сессии телефона нет! phone_is_confirmed = False
Телефона в cookies нет!
Сессия: dict_items([('phone_is_confirmed', False)])
------clear_main------
В сессии телефона нет! phone_is_confirmed = False
Телефона в cookies нет!
Сессия: dict_items([('phone_is_confirmed', False)])
------clear_main------
В сессии телефона нет! phone_is_confirmed = False
Телефона в cookies нет!
Сессия: dict_items([('phone_is_confirmed', False)])
------clear_main------
В сессии телефона нет! phone_is_confirmed = False
Телефона в cookies нет!
Сессия: dict_items([('phone_is_confirmed', False)])
------clear_main------
В сессии телефона нет! phone_is_confirmed = False
Телефона в cookies нет!
Сессия: dict_items([('phone_is_confirmed', False)])
Watching for file changes with StatReloader
D:\JOB\freelance10\converter\config\settings.py changed, reloading.
Watching for file changes with StatReloader
------clear_main------
В сессии телефона нет! phone_is_confirmed = False
Телефона в cookies нет!
Сессия: dict_items([('phone_is_confirmed', False)])
Watching for file changes with StatReloader
------clear_main------
В сессии телефона нет! phone_is_confirmed = False
Телефона в cookies нет!
Сессия: dict_items([('phone_is_confirmed', False)])
D:\JOB\freelance10\converter\convert_order\views.py changed, reloading.
Watching for file changes with StatReloader
D:\JOB\freelance10\converter\convert_order\views.py changed, reloading.
Watching for file changes with StatReloader
D:\JOB\freelance10\converter\convert_order\views.py changed, reloading.
Watching for file changes with StatReloader
D:\JOB\freelance10\converter\convert_order\views.py changed, reloading.
Watching for file changes with StatReloader
D:\JOB\freelance10\converter\convert_order\views.py changed, reloading.
Watching for file changes with StatReloader
D:\JOB\freelance10\converter\convert_order\views.py changed, reloading.
Watching for file changes with StatReloader
D:\JOB\freelance10\converter\convert_order\views.py changed, reloading.
Watching for file changes with StatReloader
D:\JOB\freelance10\converter\convert_order\views.py changed, reloading.
Watching for file changes with StatReloader
D:\JOB\freelance10\converter\convert_order\views.py changed, reloading.
Watching for file changes with StatReloader
D:\JOB\freelance10\converter\users\views.py changed, reloading.
Watching for file changes with StatReloader
D:\JOB\freelance10\converter\users\views.py changed, reloading.
Watching for file changes with StatReloader
D:\JOB\freelance10\converter\users\views.py changed, reloading.
Watching for file changes with StatReloader
D:\JOB\freelance10\converter\users\views.py changed, reloading.
Watching for file changes with StatReloader
D:\JOB\freelance10\converter\users\views.py changed, reloading.
Watching for file changes with StatReloader
D:\JOB\freelance10\converter\users\views.py changed, reloading.
Watching for file changes with StatReloader
D:\JOB\freelance10\converter\users\views.py changed, reloading.
Watching for file changes with StatReloader
D:\JOB\freelance10\converter\users\views.py changed, reloading.
Watching for file changes with StatReloader
D:\JOB\freelance10\converter\users\views.py changed, reloading.
Watching for file changes with StatReloader
------clear_main------
Подтягиваю телефон - +79313661777 - и данные из cookies!
Сессия: dict_items([('phone_is_confirmed', True), ('phone', '+79313661777'), ('name', 'Масло машинное'), ('mail', 'nikzim2004@gmail.com')])
------clear_main------
Подтягиваю телефон - +79313661777 - и данные из cookies!
Сессия: dict_items([('phone_is_confirmed', True), ('phone', '+79313661777'), ('name', 'Масло машинное'), ('mail', 'nikzim2004@gmail.com'), ('_auth_user_id', '1'), ('_auth_user_backend', 'django.contrib.auth.backends.ModelBackend'), ('_auth_user_hash', '98bc3f9b2180cec1e911e6795d8efee948b71ce5c2fd33789e249eb0cff7ceca')])
------clear_main------
Подтягиваю телефон - +79313661777 - и данные из cookies!
Сессия: dict_items([('phone_is_confirmed', True), ('phone', '+79313661777'), ('name', 'Масло машинное'), ('mail', 'nikzim2004@gmail.com'), ('_auth_user_id', '1'), ('_auth_user_backend', 'django.contrib.auth.backends.ModelBackend'), ('_auth_user_hash', '98bc3f9b2180cec1e911e6795d8efee948b71ce5c2fd33789e249eb0cff7ceca')])
------clear_main------
Подтягиваю телефон - +79313661777 - и данные из cookies!
Сессия: dict_items([('phone_is_confirmed', True), ('phone', '+79313661777'), ('name', 'Масло машинное'), ('mail', 'nikzim2004@gmail.com'), ('_auth_user_id', '1'), ('_auth_user_backend', 'django.contrib.auth.backends.ModelBackend'), ('_auth_user_hash', '98bc3f9b2180cec1e911e6795d8efee948b71ce5c2fd33789e249eb0cff7ceca')])
------clear_main------
Подтягиваю телефон - +79313661777 - и данные из cookies!
Сессия: dict_items([('phone_is_confirmed', True), ('phone', '+79313661777'), ('name', 'Масло машинное'), ('mail', 'nikzim2004@gmail.com'), ('_auth_user_id', '1'), ('_auth_user_backend', 'django.contrib.auth.backends.ModelBackend'), ('_auth_user_hash', '98bc3f9b2180cec1e911e6795d8efee948b71ce5c2fd33789e249eb0cff7ceca')])
Загружены файлы modulbank-payment-gate-api-1.0 (1).pdf и modulbank-payment-gate-api-1.0 (1).pdf.
Имя нового сконвертированного файла = ErrorFile.txt
------files_main------
request.POST: <QueryDict: {}>
request.session: dict_items([('phone_is_confirmed', True), ('phone', '+79313661777'), ('name', 'Масло машинное'), ('mail', 'nikzim2004@gmail.com'), ('_auth_user_id', '1'), ('_auth_user_backend', 'django.contrib.auth.backends.ModelBackend'), ('_auth_user_hash', '98bc3f9b2180cec1e911e6795d8efee948b71ce5c2fd33789e249eb0cff7ceca')])
order_id = ezpr1gus62
order_id=ezpr1gus62; decrypted_id=162
context={'phone_is_confirmed': True, 'files_uploaded': True, 'order_id': 'ezpr1gus62', 'is_paid': False, 'amount_of_convertations': 0}
------files_main------
request.POST: <QueryDict: {}>
request.session: dict_items([('phone_is_confirmed', True), ('phone', '+79313661777'), ('name', 'Масло машинное'), ('mail', 'nikzim2004@gmail.com'), ('_auth_user_id', '1'), ('_auth_user_backend', 'django.contrib.auth.backends.ModelBackend'), ('_auth_user_hash', '98bc3f9b2180cec1e911e6795d8efee948b71ce5c2fd33789e249eb0cff7ceca')])
order_id = ezpr1gus62
order_id=ezpr1gus62; decrypted_id=162
context={'phone_is_confirmed': True, 'files_uploaded': True, 'order_id': 'ezpr1gus62', 'is_paid': False, 'amount_of_convertations': 0}
------files_main------
request.POST: <QueryDict: {}>
request.session: dict_items([('phone_is_confirmed', True), ('phone', '+79313661777'), ('name', 'Масло машинное'), ('mail', 'nikzim2004@gmail.com'), ('_auth_user_id', '1'), ('_auth_user_backend', 'django.contrib.auth.backends.ModelBackend'), ('_auth_user_hash', '98bc3f9b2180cec1e911e6795d8efee948b71ce5c2fd33789e249eb0cff7ceca')])
order_id = ezpr1gus62
order_id=ezpr1gus62; decrypted_id=162
context={'phone_is_confirmed': True, 'files_uploaded': True, 'order_id': 'ezpr1gus62', 'is_paid': False, 'amount_of_convertations': 0}
------files_main------
request.POST: <QueryDict: {}>
request.session: dict_items([('phone_is_confirmed', True), ('phone', '+79313661777'), ('name', 'Масло машинное'), ('mail', 'nikzim2004@gmail.com'), ('_auth_user_id', '1'), ('_auth_user_backend', 'django.contrib.auth.backends.ModelBackend'), ('_auth_user_hash', '98bc3f9b2180cec1e911e6795d8efee948b71ce5c2fd33789e249eb0cff7ceca')])
order_id = ezpr1gus62
order_id=ezpr1gus62; decrypted_id=162
context={'phone_is_confirmed': True, 'files_uploaded': True, 'order_id': 'ezpr1gus62', 'is_paid': False, 'amount_of_convertations': 0}
------clear_main------
Подтягиваю телефон - +79313661777 - и данные из cookies!
Сессия: dict_items([('phone_is_confirmed', True), ('phone', '+79313661777'), ('name', 'Масло машинное'), ('mail', 'nikzim2004@gmail.com'), ('_auth_user_id', '1'), ('_auth_user_backend', 'django.contrib.auth.backends.ModelBackend'), ('_auth_user_hash', '98bc3f9b2180cec1e911e6795d8efee948b71ce5c2fd33789e249eb0cff7ceca')])
------files_main------
request.POST: <QueryDict: {}>
request.session: dict_items([('phone_is_confirmed', True), ('phone', '+79313661777'), ('name', 'Масло машинное'), ('mail', 'nikzim2004@gmail.com'), ('_auth_user_id', '1'), ('_auth_user_backend', 'django.contrib.auth.backends.ModelBackend'), ('_auth_user_hash', '98bc3f9b2180cec1e911e6795d8efee948b71ce5c2fd33789e249eb0cff7ceca')])
order_id = ezpr1gus62
order_id=ezpr1gus62; decrypted_id=162
context={'phone_is_confirmed': True, 'files_uploaded': True, 'order_id': 'ezpr1gus62', 'is_paid': False, 'amount_of_convertations': 0}
------clear_main------
Подтягиваю телефон - +79313661777 - и данные из cookies!
Сессия: dict_items([('phone_is_confirmed', True), ('phone', '+79313661777'), ('name', 'Масло машинное'), ('mail', 'nikzim2004@gmail.com'), ('_auth_user_id', '1'), ('_auth_user_backend', 'django.contrib.auth.backends.ModelBackend'), ('_auth_user_hash', '98bc3f9b2180cec1e911e6795d8efee948b71ce5c2fd33789e249eb0cff7ceca')])
------clear_main------
Подтягиваю телефон - +79313661777 - и данные из cookies!
Сессия: dict_items([('phone_is_confirmed', True), ('phone', '+79313661777'), ('name', 'Масло машинное'), ('mail', 'nikzim2004@gmail.com'), ('_auth_user_id', '1'), ('_auth_user_backend', 'django.contrib.auth.backends.ModelBackend'), ('_auth_user_hash', '98bc3f9b2180cec1e911e6795d8efee948b71ce5c2fd33789e249eb0cff7ceca')])
------clear_main------
Подтягиваю телефон - +79313661777 - и данные из cookies!
Сессия: dict_items([('phone_is_confirmed', True), ('phone', '+79313661777'), ('name', 'Масло машинное'), ('mail', 'nikzim2004@gmail.com'), ('_auth_user_id', '1'), ('_auth_user_backend', 'django.contrib.auth.backends.ModelBackend'), ('_auth_user_hash', '98bc3f9b2180cec1e911e6795d8efee948b71ce5c2fd33789e249eb0cff7ceca')])
------clear_main------
Подтягиваю телефон - +79313661777 - и данные из cookies!
Сессия: dict_items([('phone_is_confirmed', True), ('phone', '+79313661777'), ('name', 'Масло машинное'), ('mail', 'nikzim2004@gmail.com'), ('_auth_user_id', '1'), ('_auth_user_backend', 'django.contrib.auth.backends.ModelBackend'), ('_auth_user_hash', '98bc3f9b2180cec1e911e6795d8efee948b71ce5c2fd33789e249eb0cff7ceca')])
Watching for file changes with StatReloader
------clear_main------
Подтягиваю телефон - +79313661777 - и данные из cookies!
Сессия: dict_items([('phone_is_confirmed', True), ('phone', '+79313661777'), ('name', 'Масло машинное'), ('mail', 'nikzim2004@gmail.com'), ('_auth_user_id', '1'), ('_auth_user_backend', 'django.contrib.auth.backends.ModelBackend'), ('_auth_user_hash', '98bc3f9b2180cec1e911e6795d8efee948b71ce5c2fd33789e249eb0cff7ceca')])
------clear_main------
Подтягиваю телефон - +79313661777 - и данные из cookies!
Сессия: dict_items([('phone_is_confirmed', True), ('phone', '+79313661777'), ('name', 'Масло машинное'), ('mail', 'nikzim2004@gmail.com'), ('_auth_user_id', '1'), ('_auth_user_backend', 'django.contrib.auth.backends.ModelBackend'), ('_auth_user_hash', '98bc3f9b2180cec1e911e6795d8efee948b71ce5c2fd33789e249eb0cff7ceca')])
------clear_main------
Подтягиваю телефон - +79313661777 - и данные из cookies!
Сессия: dict_items([('phone_is_confirmed', True), ('phone', '+79313661777'), ('name', 'Масло машинное'), ('mail', 'nikzim2004@gmail.com'), ('_auth_user_id', '1'), ('_auth_user_backend', 'django.contrib.auth.backends.ModelBackend'), ('_auth_user_hash', '98bc3f9b2180cec1e911e6795d8efee948b71ce5c2fd33789e249eb0cff7ceca')])
Watching for file changes with StatReloader
------clear_main------
Подтягиваю телефон - +79313661777 - и данные из cookies!
Сессия: dict_items([('phone_is_confirmed', True), ('phone', '+79313661777'), ('name', 'Масло машинное'), ('mail', 'nikzim2004@gmail.com'), ('_auth_user_id', '1'), ('_auth_user_backend', 'django.contrib.auth.backends.ModelBackend'), ('_auth_user_hash', '98bc3f9b2180cec1e911e6795d8efee948b71ce5c2fd33789e249eb0cff7ceca')])
------clear_main------
Подтягиваю телефон - +79313661777 - и данные из cookies!
Сессия: dict_items([('phone_is_confirmed', True), ('phone', '+79313661777'), ('name', 'Масло машинное'), ('mail', 'nikzim2004@gmail.com'), ('_auth_user_id', '1'), ('_auth_user_backend', 'django.contrib.auth.backends.ModelBackend'), ('_auth_user_hash', '98bc3f9b2180cec1e911e6795d8efee948b71ce5c2fd33789e249eb0cff7ceca')])
------clear_main------
Подтягиваю телефон - +79313661777 - и данные из cookies!
Сессия: dict_items([('phone_is_confirmed', True), ('phone', '+79313661777'), ('name', 'Масло машинное'), ('mail', 'nikzim2004@gmail.com'), ('_auth_user_id', '1'), ('_auth_user_backend', 'django.contrib.auth.backends.ModelBackend'), ('_auth_user_hash', '98bc3f9b2180cec1e911e6795d8efee948b71ce5c2fd33789e249eb0cff7ceca')])
------clear_main------
Подтягиваю телефон - +79313661777 - и данные из cookies!
Сессия: dict_items([('phone_is_confirmed', True), ('phone', '+79313661777'), ('name', 'Масло машинное'), ('mail', 'nikzim2004@gmail.com'), ('_auth_user_id', '1'), ('_auth_user_backend', 'django.contrib.auth.backends.ModelBackend'), ('_auth_user_hash', '98bc3f9b2180cec1e911e6795d8efee948b71ce5c2fd33789e249eb0cff7ceca')])
Загружены файлы modulbank-payment-gate-api-1.0 (1).pdf и Техническое задание.docx.
Имя нового сконвертированного файла = ErrorFile.txt
------files_main------
request.POST: <QueryDict: {}>
request.session: dict_items([('phone_is_confirmed', True), ('phone', '+79313661777'), ('name', 'Масло машинное'), ('mail', 'nikzim2004@gmail.com'), ('_auth_user_id', '1'), ('_auth_user_backend', 'django.contrib.auth.backends.ModelBackend'), ('_auth_user_hash', '98bc3f9b2180cec1e911e6795d8efee948b71ce5c2fd33789e249eb0cff7ceca')])
order_id = w1rm6qasg3
order_id=w1rm6qasg3; decrypted_id=163
context={'phone_is_confirmed': True, 'files_uploaded': True, 'order_id': 'w1rm6qasg3', 'is_paid': False, 'amount_of_convertations': 0}
